0 info it worked if it ends with ok
1 verbose cli [ 'C:\\Program Files (x86)\\Microsoft Visual Studio 14.0\\Common7\\IDE\\Extensions\\Microsoft\\Web Tools\\External\\\\node\\node',
1 verbose cli   'C:\\Program Files (x86)\\Microsoft Visual Studio 14.0\\Common7\\IDE\\Extensions\\Microsoft\\Web Tools\\External\\npm\\node_modules\\npm\\bin\\npm-cli.js',
1 verbose cli   'run',
1 verbose cli   'test',
1 verbose cli   '--color=always' ]
2 info using npm@1.4.9
3 info using node@v0.10.31
4 verbose node symlink C:\Program Files (x86)\Microsoft Visual Studio 14.0\Common7\IDE\Extensions\Microsoft\Web Tools\External\\node\node
5 verbose run-script [ 'pretest', 'test', 'posttest' ]
6 info pretest gdevtech@1.0.0
7 info test gdevtech@1.0.0
8 verbose unsafe-perm in lifecycle true
9 info gdevtech@1.0.0 Failed to exec test script
10 error gdevtech@1.0.0 test: `echo "Error: no test specified" && exit 1`
10 error Exit status 1
11 error Failed at the gdevtech@1.0.0 test script.
11 error This is most likely a problem with the gdevtech package,
11 error not with npm itself.
11 error Tell the author that this fails on your system:
11 error     echo "Error: no test specified" && exit 1
11 error You can get their info via:
11 error     npm owner ls gdevtech
11 error There is likely additional logging output above.
12 error System Windows_NT 6.2.9200
13 error command "C:\\Program Files (x86)\\Microsoft Visual Studio 14.0\\Common7\\IDE\\Extensions\\Microsoft\\Web Tools\\External\\\\node\\node" "C:\\Program Files (x86)\\Microsoft Visual Studio 14.0\\Common7\\IDE\\Extensions\\Microsoft\\Web Tools\\External\\npm\\node_modules\\npm\\bin\\npm-cli.js" "run" "test" "--color=always"
14 error cwd C:\Users\jesus\Documents\development\gdevtech
15 error node -v v0.10.31
16 error npm -v 1.4.9
17 error code ELIFECYCLE
18 verbose exit [ 1, true ]
